<?xml version="1.0" encoding="UTF-8"?>
<!-- Generated by org.testng.reporters.JUnitReportReporter -->
<testsuite skipped="0" hostname="Yogesh-PC" name="NewTest" tests="1" failures="0" timestamp="24 May 2019 12:10:24 GMT" time="13.623" errors="0">
  <testcase name="f" time="13.623" classname="NewTest"/>
</testsuite> <!-- NewTest -->
